Traceback (most recent call last):
  File "/Users/knf792/miniconda3/envs/nlp-course/lib/python3.10/site-packages/jupyter_cache/executors/utils.py", line 51, in single_nb_execution
    executenb(
  File "/Users/knf792/miniconda3/envs/nlp-course/lib/python3.10/site-packages/nbclient/client.py", line 1204, in execute
    return NotebookClient(nb=nb, resources=resources, km=km, **kwargs).execute()
  File "/Users/knf792/miniconda3/envs/nlp-course/lib/python3.10/site-packages/nbclient/util.py", line 84, in wrapped
    return just_run(coro(*args, **kwargs))
  File "/Users/knf792/miniconda3/envs/nlp-course/lib/python3.10/site-packages/nbclient/util.py", line 62, in just_run
    return loop.run_until_complete(coro)
  File "/Users/knf792/miniconda3/envs/nlp-course/lib/python3.10/asyncio/base_events.py", line 646, in run_until_complete
    return future.result()
  File "/Users/knf792/miniconda3/envs/nlp-course/lib/python3.10/site-packages/nbclient/client.py", line 663, in async_execute
    await self.async_execute_cell(
  File "/Users/knf792/miniconda3/envs/nlp-course/lib/python3.10/site-packages/nbclient/client.py", line 965, in async_execute_cell
    await self._check_raise_for_error(cell, cell_index, exec_reply)
  File "/Users/knf792/miniconda3/envs/nlp-course/lib/python3.10/site-packages/nbclient/client.py", line 862, in _check_raise_for_error
    raise CellExecutionError.from_cell_and_msg(cell, exec_reply_content)
nbclient.exceptions.CellExecutionError: An error occurred while executing the following cell:
------------------
#reveal configuration
from notebook.services.config import ConfigManager
cm = ConfigManager()
cm.update('livereveal', {
        'theme': 'white',
        'transition': 'none',
        'controls': 'false',
        'progress': 'true',
})

import tensorflow.compat.v1 as tf
tf.disable_v2_behavior()
import numpy as np

%load_ext tikzmagic
------------------

[0;31m---------------------------------------------------------------------------[0m
[0;31mModuleNotFoundError[0m                       Traceback (most recent call last)
Input [0;32mIn [2][0m, in [0;36m<cell line: 11>[0;34m()[0m
[1;32m      3[0m cm [38;5;241m=[39m ConfigManager()
[1;32m      4[0m cm[38;5;241m.[39mupdate([38;5;124m'[39m[38;5;124mlivereveal[39m[38;5;124m'[39m, {
[1;32m      5[0m         [38;5;124m'[39m[38;5;124mtheme[39m[38;5;124m'[39m: [38;5;124m'[39m[38;5;124mwhite[39m[38;5;124m'[39m,
[1;32m      6[0m         [38;5;124m'[39m[38;5;124mtransition[39m[38;5;124m'[39m: [38;5;124m'[39m[38;5;124mnone[39m[38;5;124m'[39m,
[1;32m      7[0m         [38;5;124m'[39m[38;5;124mcontrols[39m[38;5;124m'[39m: [38;5;124m'[39m[38;5;124mfalse[39m[38;5;124m'[39m,
[1;32m      8[0m         [38;5;124m'[39m[38;5;124mprogress[39m[38;5;124m'[39m: [38;5;124m'[39m[38;5;124mtrue[39m[38;5;124m'[39m,
[1;32m      9[0m })
[0;32m---> 11[0m [38;5;28;01mimport[39;00m [38;5;21;01mtensorflow[39;00m[38;5;21;01m.[39;00m[38;5;21;01mcompat[39;00m[38;5;21;01m.[39;00m[38;5;21;01mv1[39;00m [38;5;28;01mas[39;00m [38;5;21;01mtf[39;00m
[1;32m     12[0m tf[38;5;241m.[39mdisable_v2_behavior()
[1;32m     13[0m [38;5;28;01mimport[39;00m [38;5;21;01mnumpy[39;00m [38;5;28;01mas[39;00m [38;5;21;01mnp[39;00m

[0;31mModuleNotFoundError[0m: No module named 'tensorflow'
ModuleNotFoundError: No module named 'tensorflow'

