Traceback (most recent call last):
  File "/Users/knf792/miniconda3/envs/nlp-course/lib/python3.10/site-packages/jupyter_cache/executors/utils.py", line 51, in single_nb_execution
    executenb(
  File "/Users/knf792/miniconda3/envs/nlp-course/lib/python3.10/site-packages/nbclient/client.py", line 1204, in execute
    return NotebookClient(nb=nb, resources=resources, km=km, **kwargs).execute()
  File "/Users/knf792/miniconda3/envs/nlp-course/lib/python3.10/site-packages/nbclient/util.py", line 84, in wrapped
    return just_run(coro(*args, **kwargs))
  File "/Users/knf792/miniconda3/envs/nlp-course/lib/python3.10/site-packages/nbclient/util.py", line 62, in just_run
    return loop.run_until_complete(coro)
  File "/Users/knf792/miniconda3/envs/nlp-course/lib/python3.10/asyncio/base_events.py", line 646, in run_until_complete
    return future.result()
  File "/Users/knf792/miniconda3/envs/nlp-course/lib/python3.10/site-packages/nbclient/client.py", line 663, in async_execute
    await self.async_execute_cell(
  File "/Users/knf792/miniconda3/envs/nlp-course/lib/python3.10/site-packages/nbclient/client.py", line 965, in async_execute_cell
    await self._check_raise_for_error(cell, cell_index, exec_reply)
  File "/Users/knf792/miniconda3/envs/nlp-course/lib/python3.10/site-packages/nbclient/client.py", line 862, in _check_raise_for_error
    raise CellExecutionError.from_cell_and_msg(cell, exec_reply_content)
nbclient.exceptions.CellExecutionError: An error occurred while executing the following cell:
------------------
%load_ext autoreload
%autoreload 2
import sys
sys.path.append("..")
from graphviz import Digraph
sys.path.append("..")
import statnlpbook.util as util 
------------------

[0;31m---------------------------------------------------------------------------[0m
[0;31mModuleNotFoundError[0m                       Traceback (most recent call last)
Input [0;32mIn [1][0m, in [0;36m<cell line: 5>[0;34m()[0m
[1;32m      3[0m [38;5;28;01mimport[39;00m [38;5;21;01msys[39;00m
[1;32m      4[0m sys[38;5;241m.[39mpath[38;5;241m.[39mappend([38;5;124m"[39m[38;5;124m..[39m[38;5;124m"[39m)
[0;32m----> 5[0m [38;5;28;01mfrom[39;00m [38;5;21;01mgraphviz[39;00m [38;5;28;01mimport[39;00m Digraph
[1;32m      6[0m sys[38;5;241m.[39mpath[38;5;241m.[39mappend([38;5;124m"[39m[38;5;124m..[39m[38;5;124m"[39m)
[1;32m      7[0m [38;5;28;01mimport[39;00m [38;5;21;01mstatnlpbook[39;00m[38;5;21;01m.[39;00m[38;5;21;01mutil[39;00m [38;5;28;01mas[39;00m [38;5;21;01mutil[39;00m

[0;31mModuleNotFoundError[0m: No module named 'graphviz'
ModuleNotFoundError: No module named 'graphviz'

