Traceback (most recent call last):
  File "/Users/knf792/miniconda3/envs/nlp-course/lib/python3.10/site-packages/jupyter_cache/executors/utils.py", line 51, in single_nb_execution
    executenb(
  File "/Users/knf792/miniconda3/envs/nlp-course/lib/python3.10/site-packages/nbclient/client.py", line 1204, in execute
    return NotebookClient(nb=nb, resources=resources, km=km, **kwargs).execute()
  File "/Users/knf792/miniconda3/envs/nlp-course/lib/python3.10/site-packages/nbclient/util.py", line 84, in wrapped
    return just_run(coro(*args, **kwargs))
  File "/Users/knf792/miniconda3/envs/nlp-course/lib/python3.10/site-packages/nbclient/util.py", line 62, in just_run
    return loop.run_until_complete(coro)
  File "/Users/knf792/miniconda3/envs/nlp-course/lib/python3.10/asyncio/base_events.py", line 646, in run_until_complete
    return future.result()
  File "/Users/knf792/miniconda3/envs/nlp-course/lib/python3.10/site-packages/nbclient/client.py", line 663, in async_execute
    await self.async_execute_cell(
  File "/Users/knf792/miniconda3/envs/nlp-course/lib/python3.10/site-packages/nbclient/client.py", line 965, in async_execute_cell
    await self._check_raise_for_error(cell, cell_index, exec_reply)
  File "/Users/knf792/miniconda3/envs/nlp-course/lib/python3.10/site-packages/nbclient/client.py", line 862, in _check_raise_for_error
    raise CellExecutionError.from_cell_and_msg(cell, exec_reply_content)
nbclient.exceptions.CellExecutionError: An error occurred while executing the following cell:
------------------
tokens = ["ROOT", "Economic", "news", "had", "little", "effect", "on", "financial", "markets", "."]
arcs = set([(0,3, "root"), (0,9,"p"), (2,1,"amod"),(3,2,"nsubj"), (3, 5, "dobj"), (5,4,"amod"), (5,6, "prep"), (6,8,"pmod"), (8,7,"amod")])

render_displacy(*transition.to_displacy_graph(arcs, tokens),"900px")
------------------

[0;31m---------------------------------------------------------------------------[0m
[0;31mNameError[0m                                 Traceback (most recent call last)
Input [0;32mIn [3][0m, in [0;36m<cell line: 4>[0;34m()[0m
[1;32m      1[0m tokens [38;5;241m=[39m [[38;5;124m"[39m[38;5;124mROOT[39m[38;5;124m"[39m, [38;5;124m"[39m[38;5;124mEconomic[39m[38;5;124m"[39m, [38;5;124m"[39m[38;5;124mnews[39m[38;5;124m"[39m, [38;5;124m"[39m[38;5;124mhad[39m[38;5;124m"[39m, [38;5;124m"[39m[38;5;124mlittle[39m[38;5;124m"[39m, [38;5;124m"[39m[38;5;124meffect[39m[38;5;124m"[39m, [38;5;124m"[39m[38;5;124mon[39m[38;5;124m"[39m, [38;5;124m"[39m[38;5;124mfinancial[39m[38;5;124m"[39m, [38;5;124m"[39m[38;5;124mmarkets[39m[38;5;124m"[39m, [38;5;124m"[39m[38;5;124m.[39m[38;5;124m"[39m]
[1;32m      2[0m arcs [38;5;241m=[39m [38;5;28mset[39m([([38;5;241m0[39m,[38;5;241m3[39m, [38;5;124m"[39m[38;5;124mroot[39m[38;5;124m"[39m), ([38;5;241m0[39m,[38;5;241m9[39m,[38;5;124m"[39m[38;5;124mp[39m[38;5;124m"[39m), ([38;5;241m2[39m,[38;5;241m1[39m,[38;5;124m"[39m[38;5;124mamod[39m[38;5;124m"[39m),([38;5;241m3[39m,[38;5;241m2[39m,[38;5;124m"[39m[38;5;124mnsubj[39m[38;5;124m"[39m), ([38;5;241m3[39m, [38;5;241m5[39m, [38;5;124m"[39m[38;5;124mdobj[39m[38;5;124m"[39m), ([38;5;241m5[39m,[38;5;241m4[39m,[38;5;124m"[39m[38;5;124mamod[39m[38;5;124m"[39m), ([38;5;241m5[39m,[38;5;241m6[39m, [38;5;124m"[39m[38;5;124mprep[39m[38;5;124m"[39m), ([38;5;241m6[39m,[38;5;241m8[39m,[38;5;124m"[39m[38;5;124mpmod[39m[38;5;124m"[39m), ([38;5;241m8[39m,[38;5;241m7[39m,[38;5;124m"[39m[38;5;124mamod[39m[38;5;124m"[39m)])
[0;32m----> 4[0m [43mrender_displacy[49m([38;5;241m*[39mtransition[38;5;241m.[39mto_displacy_graph(arcs, tokens),[38;5;124m"[39m[38;5;124m900px[39m[38;5;124m"[39m)

[0;31mNameError[0m: name 'render_displacy' is not defined
NameError: name 'render_displacy' is not defined

